[ POST ]@/auth/register? [ BODY ] {"email":"nathantannar4@gmail.com","username":"nathantannar","password":"$2b$12$t2hOUF4ODu5le4MTy1lajOBj74VyhHHP5kPQQLB0N\/MaQGH.uXBnK"}
[ POST ]@/auth/login? [ BODY ] <no body>
[ POST ]@/remoteconfig? [ BODY ] {"key":"TEST_KEY","value":"TEST_VALUE"}
[ POST ]@/remoteconfig? [ BODY ] {
	"title":"Test",
	"subtile": "Hello, World!",
	"sound":"default",
	"contentAvailable": false,
	"hasMutableContent": false,
	"extra": {}
}
[ GET ]@/remoteconfig? [ BODY ] <no body>
[ GET ]@/remoteconfigs? [ BODY ] <no body>
[ POST ]@/remoteconfigs? [ BODY ] {
	"title":"Test",
	"subtile": "Hello, World!",
	"sound":"default",
	"contentAvailable": false,
	"hasMutableContent": false,
	"extra": {}
}
[ POST ]@/remoteconfigs? [ BODY ] {
	"key": "KEY",
	"value": "VALUE"
}
[ POST ]@/remoteconfigs? [ BODY ] {"key":"TEST_KEY","value":"TEST_VALUE"}
[ POST ]@/remoteconfigs? [ BODY ] {"key":"TEST_KEY","value":"TEST_VALUE"}
[ POST ]@/remoteconfigs? [ BODY ] {"key":"TEST_KEY","value":"TEST_VALUE"}
[ POST ]@/remoteconfigs? [ BODY ] {"key":"TEST_KEY","value":"TEST_VALUE"}
[ PUT ]@/remoteconfigs/DSvp83kvKJBwMg? [ BODY ] {"id":"DSvp83kvKJBwMg","key":"TEST_KEY","updatedAt":"2018-08-26T03:57:59Z","value":"UPDATED_VALUE","createdAt":"2018-08-26T03:57:59Z"}
[ POST ]@/remoteconfigs? [ BODY ] {"key":"TEST_KEY","value":"TEST_VALUE"}
[ PUT ]@/remoteconfigs/zzcT7PQ1hcnvXw? [ BODY ] {"id":"zzcT7PQ1hcnvXw","key":"TEST_KEY","updatedAt":"2018-08-26T03:58:36Z","value":"UPDATED_VALUE","createdAt":"2018-08-26T03:58:36Z"}
[ POST ]@/remoteconfigs? [ BODY ] {"key":"TEST_KEY","value":"TEST_VALUE"}
[ PUT ]@/remoteconfigs/gbuBURUFVDd9Lg? [ BODY ] {"id":"gbuBURUFVDd9Lg","key":"TEST_KEY","updatedAt":"2018-08-26T03:59:34Z","value":"UPDATED_VALUE","createdAt":"2018-08-26T03:59:34Z"}
[ POST ]@/remoteconfigs? [ BODY ] {
	"key": "KEY",
	"value": "VALUE"
}
[ GET ]@/remoteconfigs? [ BODY ] <no body>
[ PUT ]@/remoteconfigs/QrqN2r3WHmuyEw? [ BODY ] {
	"key": "KEY",
	"value": "VALUE_NEW"
}
[ PUT ]@/remoteconfigs/QrqN2r3WHmuyEw? [ BODY ] {
	"key": "KEY",
	"value": "VALUE_NEW"
}
[ PUT ]@/remoteconfigs/QrqN2r3WHmuyEw? [ BODY ] {
	"key": "KEY",
	"value": "VALUE_NEW"
}
[ PUT ]@/remoteconfigs/QrqN2r3WHmuyEw? [ BODY ] {
	"key": "KEY",
	"value": "VALUE_NEW"
}
[ PUT ]@/remoteconfigs/QrqN2r3WHmuyEw? [ BODY ] {
	"key": "KEY",
	"value": "VALUE_NEW"
}
[ PUT ]@/remoteconfigs/QrqN2r3WHmuyEw? [ BODY ] {
	"key": "KEY",
	"value": "VALUE_NEW"
}
